
> aquaflow-pro@0.1.0 preview
> opennextjs-cloudflare build && wrangler dev

node:internal/modules/esm/resolve:205
  const resolvedOption = FSLegacyMainResolve(pkgPath, packageConfig.main, baseStringified);
                         ^

Error: Cannot find package '/Users/Duor/Desktop/游泳队/aquaflow-pro/node_modules/@isaacs/brace-expansion/index.js' imported from /Users/Duor/Desktop/游泳队/aquaflow-pro/node_modules/@opennextjs/cloudflare/node_modules/minimatch/dist/esm/index.js
    at legacyMainResolve (node:internal/modules/esm/resolve:205:26)
    at packageResolve (node:internal/modules/esm/resolve:778:12)
    at moduleResolve (node:internal/modules/esm/resolve:859:18)
    at defaultResolve (node:internal/modules/esm/resolve:991:11)
    at #cachedDefaultResolve (node:internal/modules/esm/loader:713:20)
    at #resolveAndMaybeBlockOnLoaderThread (node:internal/modules/esm/loader:730:38)
    at ModuleLoader.resolveSync (node:internal/modules/esm/loader:759:52)
    at #resolve (node:internal/modules/esm/loader:695:17)
    at ModuleLoader.getOrCreateModuleJob (node:internal/modules/esm/loader:615:35)
    at ModuleJob.syncLink (node:internal/modules/esm/module_job:160:33) {
  code: 'ERR_MODULE_NOT_FOUND'
}

Node.js v25.5.0
npm notice
npm notice New minor version of npm available! 11.8.0 -> 11.12.1
npm notice Changelog: https://github.com/npm/cli/releases/tag/v11.12.1
npm notice To update run: npm install -g npm@11.12.1
npm notice
